[2026-01-31 09:55:32] [DEBUG]: Server is running on port 8000
[2026-01-31 09:56:05] [DEBUG]: Server is running on port 8000
[2026-01-31 09:56:08] [SUCCESS]: Connected to MongoDB successfully
[2026-01-31 09:56:13] [DEBUG]: Server is running on port 8000
[2026-01-31 09:56:16] [SUCCESS]: Connected to MongoDB successfully
[2026-01-31 09:57:05] [DEBUG]: Server is running on port 8000
[2026-01-31 09:57:09] [SUCCESS]: Connected to MongoDB successfully
[2026-01-31 09:57:30] [DEBUG]: Server is running on port 8000
[2026-01-31 09:57:34] [SUCCESS]: Connected to MongoDB successfully
[2026-01-31 09:57:45] [DEBUG]: User disconnected: A5EbtOfAZSLhs5t1AAAC
[2026-01-31 09:57:45] [DEBUG]: /chat/6978f3a64cf6b9beefb03e45
[2026-01-31 09:57:45] [DEBUG]: /chat
[2026-01-31 09:57:45] [DEBUG]: /alumni/connections
[2026-01-31 09:57:55] [DEBUG]: Server is running on port 8000
[2026-01-31 09:57:58] [SUCCESS]: Connected to MongoDB successfully
[2026-01-31 09:58:01] [DEBUG]: Server is running on port 8000
[2026-01-31 09:58:05] [SUCCESS]: Connected to MongoDB successfully
[2026-01-31 10:15:07] [DEBUG]: Server is running on port 8000
[2026-01-31 10:15:10] [SUCCESS]: Connected to MongoDB successfully
[2026-01-31 10:18:43] [DEBUG]: /user/overview
[2026-01-31 10:19:10] [DEBUG]: /user/overview
[2026-01-31 10:19:58] [DEBUG]: /user/overview
[2026-01-31 10:20:01] [DEBUG]: /alumni/connections
[2026-01-31 10:20:01] [DEBUG]: /alumni/connections
[2026-01-31 10:20:04] [DEBUG]: /event
[2026-01-31 10:20:04] [DEBUG]: /event
[2026-01-31 10:20:05] [DEBUG]: /user/overview
[2026-01-31 10:20:06] [DEBUG]: /user/overview
[2026-01-31 10:20:27] [DEBUG]: /user/overview
[2026-01-31 10:21:49] [DEBUG]: /user/overview
